AR_project/app/build/outputs/logs/manifest-merger-debug-report.txt
-- Merging decision tree log ---
manifest
ADDED from src\main\AndroidManifest.xml:2:1-155:12
	package
		ADDED from src\main\AndroidManifest.xml:3:5-49
		INJECTED from src\main\AndroidManifest.xml
		INJECTED from src\main\AndroidManifest.xml
	android:versionName
		ADDED from src\main\AndroidManifest.xml:5:5-30
		INJECTED from src\main\AndroidManifest.xml
		INJECTED from src\main\AndroidManifest.xml
	android:versionCode
		ADDED from src\main\AndroidManifest.xml:4:5-30
		INJECTED from src\main\AndroidManifest.xml
		INJECTED from src\main\AndroidManifest.xml
	xmlns:android
		ADDED from src\main\AndroidManifest.xml:2:11-69
uses-sdk
ADDED from src\main\AndroidManifest.xml:13:5-15:41
MERGED from [com.android.support.constraint:constraint-layout:1.0.2] AndroidManifest.xml:5:5-7:41
	android:targetSdkVersion
		ADDED from src\main\AndroidManifest.xml:15:9-38
		INJECTED from src\main\AndroidManifest.xml
		INJECTED from src\main\AndroidManifest.xml
	android:minSdkVersion
		ADDED from src\main\AndroidManifest.xml:14:9-35
		INJECTED from src\main\AndroidManifest.xml
		INJECTED from src\main\AndroidManifest.xml
uses-feature#0x00020000
ADDED from src\main\AndroidManifest.xml:17:5-54
	android:glEsVersion
		ADDED from src\main\AndroidManifest.xml:17:19-51
uses-feature#android.hardware.camera
ADDED from src\main\AndroidManifest.xml:33:5-60
	android:name
		ADDED from src\main\AndroidManifest.xml:33:19-57
uses-permission#android.permission.CAMERA
ADDED from src\main\AndroidManifest.xml:36:5-65
	android:name
		ADDED from src\main\AndroidManifest.xml:36:22-62
uses-permission#android.permission.INTERNET
ADDED from src\main\AndroidManifest.xml:39:5-67
	android:name
		ADDED from src\main\AndroidManifest.xml:39:22-64
uses-permission#android.permission.ACCESS_NETWORK_STATE
ADDED from src\main\AndroidManifest.xml:45:5-79
	android:name
		ADDED from src\main\AndroidManifest.xml:45:22-76
uses-permission#android.permission.READ_EXTERNAL_STORAGE
ADDED from src\main\AndroidManifest.xml:46:5-80
	android:name
		ADDED from src\main\AndroidManifest.xml:46:22-77
uses-permission#android.permission.WRITE_EXTERNAL_STORAGE
ADDED from src\main\AndroidManifest.xml:47:5-81
	android:name
		ADDED from src\main\AndroidManifest.xml:47:22-78
uses-permission#android.permission.READ_PHONE_STATE
ADDED from src\main\AndroidManifest.xml:48:5-75
	android:name
		ADDED from src\main\AndroidManifest.xml:48:22-72
application
ADDED from src\main\AndroidManifest.xml:59:5-153:19
MERGED from [com.android.support.constraint:constraint-layout:1.0.2] AndroidManifest.xml:9:5-20
	android:label
		ADDED from src\main\AndroidManifest.xml:63:9-41
	android:launchMode
		ADDED from src\main\AndroidManifest.xml:64:9-40
	android:allowBackup
		ADDED from src\main\AndroidManifest.xml:60:9-35
	android:icon
		ADDED from src\main\AndroidManifest.xml:62:9-38
	android:description
		ADDED from src\main\AndroidManifest.xml:61:9-54
	android:theme
		ADDED from src\main\AndroidManifest.xml:65:9-47
activity#com.vuforia.samples.VuforiaSamples.ui.ActivityList.ActivitySplashScreen
ADDED from src\main\AndroidManifest.xml:82:9-92:20
	android:screenOrientation
		ADDED from src\main\AndroidManifest.xml:86:13-49
	android:noHistory
		ADDED from src\main\AndroidManifest.xml:85:13-37
	android:configChanges
		ADDED from src\main\AndroidManifest.xml:84:13-93
	android:name
		ADDED from src\main\AndroidManifest.xml:83:13-65
intent-filter#android.intent.action.MAIN+android.intent.category.LAUNCHER
ADDED from src\main\AndroidManifest.xml:87:13-91:29
action#android.intent.action.MAIN
ADDED from src\main\AndroidManifest.xml:88:17-69
	android:name
		ADDED from src\main\AndroidManifest.xml:88:25-66
category#android.intent.category.LAUNCHER
ADDED from src\main\AndroidManifest.xml:90:17-77
	android:name
		ADDED from src\main\AndroidManifest.xml:90:27-74
activity#com.vuforia.samples.VuforiaSamples.ui.ActivityList.ActivityLauncher
ADDED from src\main\AndroidManifest.xml:93:9-96:61
	android:screenOrientation
		ADDED from src\main\AndroidManifest.xml:96:13-49
	android:configChanges
		ADDED from src\main\AndroidManifest.xml:95:13-93
	android:name
		ADDED from src\main\AndroidManifest.xml:94:13-61
activity#com.vuforia.samples.VuforiaSamples.ui.ActivityList.AboutScreen
ADDED from src\main\AndroidManifest.xml:97:9-101:61
	android:screenOrientation
		ADDED from src\main\AndroidManifest.xml:101:13-49
	android:noHistory
		ADDED from src\main\AndroidManifest.xml:100:13-37
	android:configChanges
		ADDED from src\main\AndroidManifest.xml:99:13-93
	android:name
		ADDED from src\main\AndroidManifest.xml:98:13-56
activity#com.vuforia.samples.VuforiaSamples.app.ImageTargets.ImageTargets
ADDED from src\main\AndroidManifest.xml:102:9-106:63
	android:launchMode
		ADDED from src\main\AndroidManifest.xml:105:13-44
	android:configChanges
		ADDED from src\main\AndroidManifest.xml:104:13-93
	android:theme
		ADDED from src\main\AndroidManifest.xml:106:13-51
	android:name
		ADDED from src\main\AndroidManifest.xml:103:13-58
activity#com.vuforia.samples.VuforiaSamples.app.ImageTargets.ImageTargets2
ADDED from src\main\AndroidManifest.xml:107:9-111:63
	android:launchMode
		ADDED from src\main\AndroidManifest.xml:110:13-44
	android:configChanges
		ADDED from src\main\AndroidManifest.xml:109:13-93
	android:theme
		ADDED from src\main\AndroidManifest.xml:111:13-51
	android:name
		ADDED from src\main\AndroidManifest.xml:108:13-59
activity#com.vuforia.samples.VuforiaSamples.app.VuMark.VuMark
ADDED from src\main\AndroidManifest.xml:113:9-117:63
	android:launchMode
		ADDED from src\main\AndroidManifest.xml:116:13-44
	android:configChanges
		ADDED from src\main\AndroidManifest.xml:115:13-93
	android:theme
		ADDED from src\main\AndroidManifest.xml:117:13-51
	android:name
		ADDED from src\main\AndroidManifest.xml:114:13-46
activity#com.vuforia.samples.VuforiaSamples.app.TextRecognition.TextReco
ADDED from src\main\AndroidManifest.xml:118:9-122:63
	android:launchMode
		ADDED from src\main\AndroidManifest.xml:121:13-44
	android:configChanges
		ADDED from src\main\AndroidManifest.xml:120:13-93
	android:theme
		ADDED from src\main\AndroidManifest.xml:122:13-51
	android:name
		ADDED from src\main\AndroidManifest.xml:119:13-57
activity#com.vuforia.samples.VuforiaSamples.app.CylinderTargets.CylinderTargets
ADDED from src\main\AndroidManifest.xml:123:9-127:63
	android:launchMode
		ADDED from src\main\AndroidManifest.xml:126:13-44
	android:configChanges
		ADDED from src\main\AndroidManifest.xml:125:13-93
	android:theme
		ADDED from src\main\AndroidManifest.xml:127:13-51
	android:name
		ADDED from src\main\AndroidManifest.xml:124:13-64
activity#com.vuforia.samples.VuforiaSamples.app.VirtualButtons.VirtualButtons
ADDED from src\main\AndroidManifest.xml:128:9-132:63
	android:launchMode
		ADDED from src\main\AndroidManifest.xml:131:13-44
	android:configChanges
		ADDED from src\main\AndroidManifest.xml:130:13-93
	android:theme
		ADDED from src\main\AndroidManifest.xml:132:13-51
	android:name
		ADDED from src\main\AndroidManifest.xml:129:13-62
activity#com.vuforia.samples.VuforiaSamples.app.UserDefinedTargets.UserDefinedTargets
ADDED from src\main\AndroidManifest.xml:133:9-137:63
	android:launchMode
		ADDED from src\main\AndroidManifest.xml:136:13-44
	android:configChanges
		ADDED from src\main\AndroidManifest.xml:135:13-93
	android:theme
		ADDED from src\main\AndroidManifest.xml:137:13-51
	android:name
		ADDED from src\main\AndroidManifest.xml:134:13-70
activity#com.vuforia.samples.VuforiaSamples.app.MultiTargets.MultiTargets
ADDED from src\main\AndroidManifest.xml:138:9-142:63
	android:launchMode
		ADDED from src\main\AndroidManifest.xml:141:13-44
	android:configChanges
		ADDED from src\main\AndroidManifest.xml:140:13-93
	android:theme
		ADDED from src\main\AndroidManifest.xml:142:13-51
	android:name
		ADDED from src\main\AndroidManifest.xml:139:13-58
activity#com.vuforia.samples.VuforiaSamples.app.CloudRecognition.CloudReco
ADDED from src\main\AndroidManifest.xml:143:9-147:63
	android:launchMode
		ADDED from src\main\AndroidManifest.xml:146:13-44
	android:configChanges
		ADDED from src\main\AndroidManifest.xml:145:13-93
	android:theme
		ADDED from src\main\AndroidManifest.xml:147:13-51
	android:name
		ADDED from src\main\AndroidManifest.xml:144:13-59
activity#com.vuforia.samples.VuforiaSamples.app.ObjectRecognition.ObjectTargets
ADDED from src\main\AndroidManifest.xml:148:9-152:63
	android:launchMode
		ADDED from src\main\AndroidManifest.xml:151:13-44
	android:configChanges
		ADDED from src\main\AndroidManifest.xml:150:13-93
	android:theme
		ADDED from src\main\AndroidManifest.xml:152:13-51
	android:name
		ADDED from src\main\AndroidManifest.xml:149:13-64